-------------------------------------------------------------------------------
Test set: TestSuite
-------------------------------------------------------------------------------
Tests run: 4, Failures: 2, Errors: 0, Skipped: 2, Time elapsed: 1.201 s <<< FAILURE! - in TestSuite
ui.selenide.WikiTest.setUp  Time elapsed: 1.08 s  <<< FAILURE!
java.lang.NoClassDefFoundError: org/openqa/selenium/net/HostIdentifier
Caused by: java.lang.ClassNotFoundException: org.openqa.selenium.net.HostIdentifier

ui.selenide.WikiTest.setUp  Time elapsed: 1.08 s  <<< FAILURE!
java.lang.NoClassDefFoundError: org/openqa/selenium/net/HostIdentifier
Caused by: java.lang.ClassNotFoundException: org.openqa.selenium.net.HostIdentifier

